1593268213706|0|statement|connection 0|url jdbc:p6spy:mysql://localhost:3306/june?serverTimezone=UTC&useUnicode=true&characterEncoding=UTF-8|SELECT  id,name,author,price,status  FROM book   WHERE status=0|SELECT  id,name,author,price,status  FROM book   WHERE status=0
1593268223303|0|statement|connection 0|url jdbc:p6spy:mysql://localhost:3306/june?serverTimezone=UTC&useUnicode=true&characterEncoding=UTF-8|SELECT  id,name,author,price,status  FROM book   WHERE status=0|SELECT  id,name,author,price,status  FROM book   WHERE status=0
1593268253034|3|statement|connection 0|url jdbc:p6spy:mysql://localhost:3306/june?serverTimezone=UTC&useUnicode=true&characterEncoding=UTF-8|INSERT INTO book  ( name, author, price )  VALUES  ( ?, ?, ? )|INSERT INTO book  ( name, author, price )  VALUES  ( '倚天屠龙记5', '金庸', '10' )
1593268253041|0|statement|connection 0|url jdbc:p6spy:mysql://localhost:3306/june?serverTimezone=UTC&useUnicode=true&characterEncoding=UTF-8|SELECT  id,name,author,price,status  FROM book   WHERE status=0|SELECT  id,name,author,price,status  FROM book   WHERE status=0
1593268266846|1|statement|connection 0|url jdbc:p6spy:mysql://localhost:3306/june?serverTimezone=UTC&useUnicode=true&characterEncoding=UTF-8|SELECT  id,name,author,price,status  FROM book   WHERE status=0|SELECT  id,name,author,price,status  FROM book   WHERE status=0
1593268277199|0|statement|connection 0|url jdbc:p6spy:mysql://localhost:3306/june?serverTimezone=UTC&useUnicode=true&characterEncoding=UTF-8|SELECT id,name,author,price,status FROM book WHERE id=?  AND status=0|SELECT id,name,author,price,status FROM book WHERE id=22  AND status=0
1593268277203|0|statement|connection 0|url jdbc:p6spy:mysql://localhost:3306/june?serverTimezone=UTC&useUnicode=true&characterEncoding=UTF-8|SELECT id,name,author,price,status FROM book WHERE id=?  AND status=0|SELECT id,name,author,price,status FROM book WHERE id=22  AND status=0
1593268277207|2|statement|connection 0|url jdbc:p6spy:mysql://localhost:3306/june?serverTimezone=UTC&useUnicode=true&characterEncoding=UTF-8|UPDATE book SET status=1 WHERE id=?  AND status=0|UPDATE book SET status=1 WHERE id=22  AND status=0
1593268277232|0|statement|connection 0|url jdbc:p6spy:mysql://localhost:3306/june?serverTimezone=UTC&useUnicode=true&characterEncoding=UTF-8|SELECT  id,name,author,price,status  FROM book   WHERE  status=0|SELECT  id,name,author,price,status  FROM book   WHERE  status=0
1593268905670|0|statement|connection 0|url jdbc:p6spy:mysql://localhost:3306/june?serverTimezone=UTC&useUnicode=true&characterEncoding=UTF-8|SELECT  id,name,author,price,status  FROM book   WHERE status=0|SELECT  id,name,author,price,status  FROM book   WHERE status=0
1593269104934|4|statement|connection 0|url jdbc:p6spy:mysql://localhost:3306/june?serverTimezone=UTC&useUnicode=true&characterEncoding=UTF-8|select Base_Column_List from book where name=?|select Base_Column_List from book where name='水浒传'
1593269183787|0|statement|connection 0|url jdbc:p6spy:mysql://localhost:3306/june?serverTimezone=UTC&useUnicode=true&characterEncoding=UTF-8|select * from book where name=?|select * from book where name='水浒传'
1593269261204|0|statement|connection 0|url jdbc:p6spy:mysql://localhost:3306/june?serverTimezone=UTC&useUnicode=true&characterEncoding=UTF-8|select * from book where name=?|select * from book where name='水浒传'
1593269646667|0|statement|connection 0|url jdbc:p6spy:mysql://localhost:3306/june?serverTimezone=UTC&useUnicode=true&characterEncoding=UTF-8|SELECT  id,name,author,price,status  FROM book   WHERE status=0|SELECT  id,name,author,price,status  FROM book   WHERE status=0
1593269835961|0|statement|connection 0|url jdbc:p6spy:mysql://localhost:3306/june?serverTimezone=UTC&useUnicode=true&characterEncoding=UTF-8|select           id, name, author, price, status       from book where name=?|select           id, name, author, price, status       from book where name='倚天屠龙记'
1593269841153|0|statement|connection 0|url jdbc:p6spy:mysql://localhost:3306/june?serverTimezone=UTC&useUnicode=true&characterEncoding=UTF-8|select           id, name, author, price, status       from book where name=?|select           id, name, author, price, status       from book where name='倚天屠龙记2'
1593301770341|4|statement|connection 0|url jdbc:p6spy:mysql://localhost:3306/june?serverTimezone=UTC&useUnicode=true&characterEncoding=UTF-8|SELECT  id,name,author,price,status  FROM book   WHERE status=0|SELECT  id,name,author,price,status  FROM book   WHERE status=0
1593303483570|4|statement|connection 0|url jdbc:p6spy:mysql://localhost:3306/june?serverTimezone=UTC&useUnicode=true&characterEncoding=UTF-8|INSERT INTO book  ( name, author, price )  VALUES  ( ?, ?, ? )|INSERT INTO book  ( name, author, price )  VALUES  ( '天龙八部', '金庸', '10' )
1593303483592|0|statement|connection 0|url jdbc:p6spy:mysql://localhost:3306/june?serverTimezone=UTC&useUnicode=true&characterEncoding=UTF-8|SELECT  id,name,author,price,status  FROM book   WHERE status=0|SELECT  id,name,author,price,status  FROM book   WHERE status=0
1593352810426|6|statement|connection 0|url jdbc:p6spy:mysql://localhost:3306/june?serverTimezone=UTC&useUnicode=true&characterEncoding=UTF-8|SELECT  id,name,author,price,status  FROM book   WHERE status=0|SELECT  id,name,author,price,status  FROM book   WHERE status=0
1593352836713|0|statement|connection 0|url jdbc:p6spy:mysql://localhost:3306/june?serverTimezone=UTC&useUnicode=true&characterEncoding=UTF-8|SELECT id,name,author,price,status FROM book WHERE id=?  AND status=0|SELECT id,name,author,price,status FROM book WHERE id=11  AND status=0
1593352959112|0|statement|connection 0|url jdbc:p6spy:mysql://localhost:3306/june?serverTimezone=UTC&useUnicode=true&characterEncoding=UTF-8|SELECT  id,name,author,price,status  FROM book   WHERE status=0|SELECT  id,name,author,price,status  FROM book   WHERE status=0
1593352971314|0|statement|connection 0|url jdbc:p6spy:mysql://localhost:3306/june?serverTimezone=UTC&useUnicode=true&characterEncoding=UTF-8|SELECT id,name,author,price,status FROM book WHERE id=?  AND status=0|SELECT id,name,author,price,status FROM book WHERE id=20  AND status=0
1593353811480|1|statement|connection 0|url jdbc:p6spy:mysql://localhost:3306/june?serverTimezone=UTC&useUnicode=true&characterEncoding=UTF-8|SELECT id,name,author,price,status FROM book WHERE id=?  AND status=0|SELECT id,name,author,price,status FROM book WHERE id=20  AND status=0
1593354080182|2|statement|connection 0|url jdbc:p6spy:mysql://localhost:3306/june?serverTimezone=UTC&useUnicode=true&characterEncoding=UTF-8|SELECT id,name,author,price,status FROM book WHERE id=?  AND status=0|SELECT id,name,author,price,status FROM book WHERE id=20  AND status=0
1593354200216|0|statement|connection 0|url jdbc:p6spy:mysql://localhost:3306/june?serverTimezone=UTC&useUnicode=true&characterEncoding=UTF-8|SELECT id,name,author,price,status FROM book WHERE id=?  AND status=0|SELECT id,name,author,price,status FROM book WHERE id=20  AND status=0
1593354911709|2|statement|connection 0|url jdbc:p6spy:mysql://localhost:3306/june?serverTimezone=UTC&useUnicode=true&characterEncoding=UTF-8|SELECT id,name,author,price,status FROM book WHERE id=?  AND status=0|SELECT id,name,author,price,status FROM book WHERE id=20  AND status=0
1593355004490|0|statement|connection 0|url jdbc:p6spy:mysql://localhost:3306/june?serverTimezone=UTC&useUnicode=true&characterEncoding=UTF-8|SELECT id,name,author,price,status FROM book WHERE id=?  AND status=0|SELECT id,name,author,price,status FROM book WHERE id=11  AND status=0
1593355163091|1|statement|connection 0|url jdbc:p6spy:mysql://localhost:3306/june?serverTimezone=UTC&useUnicode=true&characterEncoding=UTF-8|SELECT  id,name,author,price,status  FROM book   WHERE status=0|SELECT  id,name,author,price,status  FROM book   WHERE status=0
1593355174109|0|statement|connection 0|url jdbc:p6spy:mysql://localhost:3306/june?serverTimezone=UTC&useUnicode=true&characterEncoding=UTF-8|SELECT id,name,author,price,status FROM book WHERE id=?  AND status=0|SELECT id,name,author,price,status FROM book WHERE id=21  AND status=0
1593389354241|1|statement|connection 30|url jdbc:p6spy:mysql://localhost:3306/june?serverTimezone=UTC&useUnicode=true&characterEncoding=UTF-8|SELECT id,name,author,price,status FROM book WHERE id=?  AND status=0|SELECT id,name,author,price,status FROM book WHERE id=22  AND status=0
1593389360955|2|statement|connection 30|url jdbc:p6spy:mysql://localhost:3306/june?serverTimezone=UTC&useUnicode=true&characterEncoding=UTF-8|SELECT  id,name,author,price,status  FROM book   WHERE status=0|SELECT  id,name,author,price,status  FROM book   WHERE status=0
1593389372487|0|statement|connection 30|url jdbc:p6spy:mysql://localhost:3306/june?serverTimezone=UTC&useUnicode=true&characterEncoding=UTF-8|SELECT id,name,author,price,status FROM book WHERE id=?  AND status=0|SELECT id,name,author,price,status FROM book WHERE id=23  AND status=0
1593390143072|0|statement|connection 40|url jdbc:p6spy:mysql://localhost:3306/june?serverTimezone=UTC&useUnicode=true&characterEncoding=UTF-8|SELECT  id,name,author,price,status  FROM book   WHERE status=0|SELECT  id,name,author,price,status  FROM book   WHERE status=0
1593390219468|0|statement|connection 50|url jdbc:p6spy:mysql://localhost:3306/june?serverTimezone=UTC&useUnicode=true&characterEncoding=UTF-8|SELECT id,name,author,price,status FROM book WHERE id=?  AND status=0|SELECT id,name,author,price,status FROM book WHERE id=13  AND status=0
1593390280676|0|statement|connection 50|url jdbc:p6spy:mysql://localhost:3306/june?serverTimezone=UTC&useUnicode=true&characterEncoding=UTF-8|SELECT id,name,author,price,status FROM book WHERE id=?  AND status=0|SELECT id,name,author,price,status FROM book WHERE id=11  AND status=0
1593390946324|1|statement|connection 60|url jdbc:p6spy:mysql://localhost:3306/june?serverTimezone=UTC&useUnicode=true&characterEncoding=UTF-8|select           id, name, author, price, status       from book where name=?|select           id, name, author, price, status       from book where name='水浒传'
1593391254924|0|statement|connection 70|url jdbc:p6spy:mysql://localhost:3306/june?serverTimezone=UTC&useUnicode=true&characterEncoding=UTF-8|SELECT  id,name,author,price,status  FROM book   WHERE status=0|SELECT  id,name,author,price,status  FROM book   WHERE status=0
1593391339089|0|statement|connection 70|url jdbc:p6spy:mysql://localhost:3306/june?serverTimezone=UTC&useUnicode=true&characterEncoding=UTF-8|SELECT id,name,author,price,status FROM book WHERE id=?  AND status=0|SELECT id,name,author,price,status FROM book WHERE id=21  AND status=0
1593391379590|7|statement|connection 70|url jdbc:p6spy:mysql://localhost:3306/june?serverTimezone=UTC&useUnicode=true&characterEncoding=UTF-8|UPDATE book  SET price=?  WHERE id=?  AND status=0|UPDATE book  SET price='20'  WHERE id=21  AND status=0
1593391379592|0|statement|connection 70|url jdbc:p6spy:mysql://localhost:3306/june?serverTimezone=UTC&useUnicode=true&characterEncoding=UTF-8|SELECT id,name,author,price,status FROM book WHERE id=?  AND status=0|SELECT id,name,author,price,status FROM book WHERE id=21  AND status=0
1593391436260|2|statement|connection 70|url jdbc:p6spy:mysql://localhost:3306/june?serverTimezone=UTC&useUnicode=true&characterEncoding=UTF-8|UPDATE book  SET price=?  WHERE id=?  AND status=0|UPDATE book  SET price='15'  WHERE id=21  AND status=0
1593391436262|0|statement|connection 70|url jdbc:p6spy:mysql://localhost:3306/june?serverTimezone=UTC&useUnicode=true&characterEncoding=UTF-8|SELECT id,name,author,price,status FROM book WHERE id=?  AND status=0|SELECT id,name,author,price,status FROM book WHERE id=21  AND status=0
1593391483628|0|statement|connection 70|url jdbc:p6spy:mysql://localhost:3306/june?serverTimezone=UTC&useUnicode=true&characterEncoding=UTF-8|SELECT id,name,author,price,status FROM book WHERE id=?  AND status=0|SELECT id,name,author,price,status FROM book WHERE id=13  AND status=0
1593391483631|0|statement|connection 70|url jdbc:p6spy:mysql://localhost:3306/june?serverTimezone=UTC&useUnicode=true&characterEncoding=UTF-8|SELECT id,name,author,price,status FROM book WHERE id=?  AND status=0|SELECT id,name,author,price,status FROM book WHERE id=13  AND status=0
1593391483639|2|statement|connection 70|url jdbc:p6spy:mysql://localhost:3306/june?serverTimezone=UTC&useUnicode=true&characterEncoding=UTF-8|UPDATE book SET status=1 WHERE id=?  AND status=0|UPDATE book SET status=1 WHERE id=13  AND status=0
1593391483659|0|statement|connection 70|url jdbc:p6spy:mysql://localhost:3306/june?serverTimezone=UTC&useUnicode=true&characterEncoding=UTF-8|SELECT  id,name,author,price,status  FROM book   WHERE  status=0|SELECT  id,name,author,price,status  FROM book   WHERE  status=0
